<?xml version="1.0" encoding="UTF-8"?>
<!-- Generated by org.testng.reporters.JUnitXMLReporter -->
<testsuite ignored="0" hostname="TestVagrants-MacBook-Pro.local" failures="1" tests="9" name="Firefoxtest" time="121.538" errors="0" timestamp="2024-10-09T11:27:16 IST">
  <testcase classname="com.automation.Automation2.dragAndDrop" name="dragAndDrop" time="3.373"/>
  <testcase classname="com.automation.Automation2.dragandDropMultiple" name="dragandDropMultiple" time="19.396"/>
  <testcase classname="com.automation.Automation2.fileUploadPopup" name="fileUploadPopup" time="4.092">
    <failure type="org.openqa.selenium.InvalidArgumentException" message="invalid argument: File not found : /Users/testvagrant/Downloads/Automation-master/./Data/Arjun R Resume.docx
  (Session info: chrome=129.0.6668.90)
Build info: version: &amp;apos;4.20.0&amp;apos;, revision: &amp;apos;866c76ca80&amp;apos;
System info: os.name: &amp;apos;Mac OS X&amp;apos;, os.arch: &amp;apos;x86_64&amp;apos;, os.version: &amp;apos;15.0.1&amp;apos;, java.version: &amp;apos;23&amp;apos;
Driver info: org.openqa.selenium.chrome.ChromeDriver
Command: [24f7c3d367d1c156e88c7621849dff15, sendKeysToElement {value=[Ljava.lang.CharSequence;@34f22f9d, id=f.00796147FA56EC9A42BD859D65C85E59.d.7BD7FF2DB818027E5EE3B9265659236E.e.79}]
Capabilities {acceptInsecureCerts: false, browserName: chrome, browserVersion: 129.0.6668.90, chrome: {chromedriverVersion: 129.0.6668.91 (b00bc8b76d60..., userDataDir: /var/folders/6z/fn3m8_lx681...}, fedcm:accounts: true, goog:chromeOptions: {debuggerAddress: localhost:50618}, networkConnectionEnabled: false, pageLoadStrategy: normal, platformName: mac, proxy: Proxy(), se:cdp: ws://localhost:50618/devtoo..., se:cdpVersion: 129.0.6668.90, setWindowRect: true, strictFileInteractability: false, timeouts: {implicit: 0, pageLoad: 300000, script: 30000}, unhandledPromptBehavior: dismiss and notify, webauthn:extension:credBlob: true, webauthn:extension:largeBlob: true, webauthn:extension:minPinLength: true, webauthn:extension:prf: true, webauthn:virtualAuthenticators: true}
Element: [[ChromeDriver: chrome on mac (24f7c3d367d1c156e88c7621849dff15)] -&amp;gt; id: fileInput]
Session ID: 24f7c3d367d1c156e88c7621849dff15">
      <![CDATA[org.openqa.selenium.InvalidArgumentException: invalid argument: File not found : /Users/testvagrant/Downloads/Automation-master/./Data/Arjun R Resume.docx
  (Session info: chrome=129.0.6668.90)
Build info: version: '4.20.0', revision: '866c76ca80'
System info: os.name: 'Mac OS X', os.arch: 'x86_64', os.version: '15.0.1', java.version: '23'
Driver info: org.openqa.selenium.chrome.ChromeDriver
Command: [24f7c3d367d1c156e88c7621849dff15, sendKeysToElement {value=[Ljava.lang.CharSequence;@34f22f9d, id=f.00796147FA56EC9A42BD859D65C85E59.d.7BD7FF2DB818027E5EE3B9265659236E.e.79}]
Capabilities {acceptInsecureCerts: false, browserName: chrome, browserVersion: 129.0.6668.90, chrome: {chromedriverVersion: 129.0.6668.91 (b00bc8b76d60..., userDataDir: /var/folders/6z/fn3m8_lx681...}, fedcm:accounts: true, goog:chromeOptions: {debuggerAddress: localhost:50618}, networkConnectionEnabled: false, pageLoadStrategy: normal, platformName: mac, proxy: Proxy(), se:cdp: ws://localhost:50618/devtoo..., se:cdpVersion: 129.0.6668.90, setWindowRect: true, strictFileInteractability: false, timeouts: {implicit: 0, pageLoad: 300000, script: 30000}, unhandledPromptBehavior: dismiss and notify, webauthn:extension:credBlob: true, webauthn:extension:largeBlob: true, webauthn:extension:minPinLength: true, webauthn:extension:prf: true, webauthn:virtualAuthenticators: true}
Element: [[ChromeDriver: chrome on mac (24f7c3d367d1c156e88c7621849dff15)] -> id: fileInput]
Session ID: 24f7c3d367d1c156e88c7621849dff15
at org.openqa.selenium.remote.ErrorCodec.decode(ErrorCodec.java:167)
at org.openqa.selenium.remote.codec.w3c.W3CHttpResponseCodec.decode(W3CHttpResponseCodec.java:138)
at org.openqa.selenium.remote.codec.w3c.W3CHttpResponseCodec.decode(W3CHttpResponseCodec.java:50)
at org.openqa.selenium.remote.HttpCommandExecutor.execute(HttpCommandExecutor.java:190)
at org.openqa.selenium.remote.service.DriverCommandExecutor.invokeExecute(DriverCommandExecutor.java:216)
at org.openqa.selenium.remote.service.DriverCommandExecutor.execute(DriverCommandExecutor.java:174)
at org.openqa.selenium.remote.RemoteWebDriver.execute(RemoteWebDriver.java:518)
at org.openqa.selenium.remote.RemoteWebElement.execute(RemoteWebElement.java:223)
at org.openqa.selenium.remote.RemoteWebElement.sendKeys(RemoteWebElement.java:110)
at com.automation.Automation2.fileUploadPopup.fileUploadPopup(fileUploadPopup.java:26)
at java.base/java.util.ArrayList.forEach(ArrayList.java:1597)
... Removed 32 stack frames]]>
    </failure>
  </testcase> <!-- fileUploadPopup -->
  <testcase classname="com.automation.Automation2.HiddenDivision" name="HiddenDivision" time="2.885"/>
  <testcase classname="com.automation.Automation2.toolTipUsingMouseHover" name="toolTipUsingMouseHover" time="2.863"/>
  <testcase classname="com.automation.Automation2.scrollingToElement" name="scrollingToElement" time="26.109"/>
  <testcase classname="com.automation.Automation2.HandlingVideo" name="HandlingVideo" time="5.126"/>
  <testcase classname="com.automation.Automation2.slideBar" name="slideBar" time="3.734"/>
  <testcase classname="com.automation.Automation2.mouseHover" name="mousehover" time="10.142"/>
</testsuite> <!-- Firefoxtest -->
